==================== 2025-11-20 00:48:25.566287 | 26df8f6f-a4e7-4381-ba70-74796cad4112 ====================
00:48:25.566567 [info ]: Starting dbt LSP server
00:48:25.566655 [info ]: Connecting to LSP client on port 8000
00:48:25.574305 [info ]: Successfully connected to LSP client
00:48:25.574342 [info ]: Creating LSP service...
00:48:25.729367 [info ]: Creating LSP server...
00:48:25.729405 [info ]: Starting LSP server...
==================== 2025-11-20 01:51:51.464691 | e58820b0-3a75-407f-9f6c-a4e616121cab ====================
01:51:51.464945 [info ]: Starting dbt LSP server
01:51:51.464997 [info ]: Connecting to LSP client on port 8000
01:51:51.467018 [info ]: Successfully connected to LSP client
01:51:51.467052 [info ]: Creating LSP service...
01:51:51.514676 [info ]: Creating LSP server...
01:51:51.514700 [info ]: Starting LSP server...
==================== 2025-11-20 20:48:59.900885 | c9f6731e-2680-47f4-9e1e-f7f5287540e7 ====================
20:48:59.901131 [info ]: Starting dbt LSP server
20:48:59.901162 [info ]: Connecting to LSP client on port 8000
20:48:59.902985 [info ]: Successfully connected to LSP client
20:48:59.903031 [info ]: Creating LSP service...
20:48:59.969278 [info ]: Creating LSP server...
20:48:59.969300 [info ]: Starting LSP server...
==================== 2025-11-21 01:28:29.613641 | 99d8ba58-700d-4cb8-9af1-692a64155b60 ====================
01:28:29.613841 [info ]: Starting dbt LSP server
01:28:29.613888 [info ]: Connecting to LSP client on port 8000
01:28:29.617374 [info ]: Successfully connected to LSP client
01:28:29.617424 [info ]: Creating LSP service...
01:28:29.786016 [info ]: Creating LSP server...
01:28:29.786063 [info ]: Starting LSP server...
